[debug] [2018-09-13T18:39:34.119Z] ----------------------------------------------------------------------
[debug] [2018-09-13T18:39:34.123Z] Command:       C:\Program Files\nodejs\node.exe C:\Users\kenne\AppData\Roaming\npm\node_modules\firebase-tools\bin\firebase serve
[debug] [2018-09-13T18:39:34.124Z] CLI Version:   4.2.1
[debug] [2018-09-13T18:39:34.124Z] Platform:      win32
[debug] [2018-09-13T18:39:34.124Z] Node Version:  v8.11.4
[debug] [2018-09-13T18:39:34.124Z] Time:          Thu Sep 13 2018 14:39:34 GMT-0400 (US Eastern Daylight Time)
[debug] [2018-09-13T18:39:34.124Z] ----------------------------------------------------------------------
[debug] 
[debug] [2018-09-13T18:39:34.147Z] > command requires scopes: ["email","openid","https://www.googleapis.com/auth/cloudplatformprojects.readonly","https://www.googleapis.com/auth/firebase","https://www.googleapis.com/auth/cloud-platform"]
[debug] [2018-09-13T18:39:34.149Z] > authorizing via signed-in user
[debug] [2018-09-13T18:39:34.153Z] >>> HTTP REQUEST GET https://admin.firebase.com/v1/projects/blizzard-api-project  
 
[debug] [2018-09-13T18:39:34.596Z] <<< HTTP RESPONSE 200
[debug] [2018-09-13T18:39:34.599Z] >>> HTTP REQUEST GET https://cloudresourcemanager.googleapis.com/v1/projects/blizzard-api-project  
 
[debug] [2018-09-13T18:39:35.232Z] <<< HTTP RESPONSE 200
[info] 
[info] === Serving from 'C:\Users\kenne\Documents\1150\javascript-library\Blizzard Api project'...
[info] 
[debug] [2018-09-13T18:39:35.238Z] >>> HTTP REQUEST GET https://mobilesdk-pa.googleapis.com/v1/projects/303897598702/clients/_:getWebAppConfig  
 
[debug] [2018-09-13T18:39:35.507Z] <<< HTTP RESPONSE 200
[info] i  hosting[blizzard-api-project]: Serving hosting files from: ./
[info] +  hosting[blizzard-api-project]: Local server: http://localhost:5000
